2023-10-22 21:56:11,177 INFO o.a.j.u.JMeterUtils: Setting Locale to en_EN
2023-10-22 21:56:11,194 INFO o.a.j.JMeter: Loading user properties from: user.properties
2023-10-22 21:56:11,194 INFO o.a.j.JMeter: Loading system properties from: system.properties
2023-10-22 21:56:11,200 INFO o.a.j.JMeter: Copyright (c) 1998-2023 The Apache Software Foundation
2023-10-22 21:56:11,200 INFO o.a.j.JMeter: Version 5.6.2
2023-10-22 21:56:11,200 INFO o.a.j.JMeter: java.version=17.0.9
2023-10-22 21:56:11,201 INFO o.a.j.JMeter: java.vm.name=Java HotSpot(TM) 64-Bit Server VM
2023-10-22 21:56:11,201 INFO o.a.j.JMeter: os.name=Windows 11
2023-10-22 21:56:11,201 INFO o.a.j.JMeter: os.arch=amd64
2023-10-22 21:56:11,201 INFO o.a.j.JMeter: os.version=10.0
2023-10-22 21:56:11,201 INFO o.a.j.JMeter: file.encoding=Cp1252
2023-10-22 21:56:11,201 INFO o.a.j.JMeter: java.awt.headless=null
2023-10-22 21:56:11,201 INFO o.a.j.JMeter: Max memory     =1073741824
2023-10-22 21:56:11,201 INFO o.a.j.JMeter: Available Processors =12
2023-10-22 21:56:11,208 INFO o.a.j.JMeter: Default Locale=English (EN)
2023-10-22 21:56:11,209 INFO o.a.j.JMeter: JMeter  Locale=English (EN)
2023-10-22 21:56:11,209 INFO o.a.j.JMeter: JMeterHome=C:\Users\cRistiaNi\Desktop\NOSQL\apache-jmeter-5.6.2\apache-jmeter-5.6.2
2023-10-22 21:56:11,209 INFO o.a.j.JMeter: user.dir  =C:\Users\cRistiaNi\Desktop\NOSQL\apache-jmeter-5.6.2\apache-jmeter-5.6.2\bin
2023-10-22 21:56:11,209 INFO o.a.j.JMeter: PWD       =C:\Users\cRistiaNi\Desktop\NOSQL\apache-jmeter-5.6.2\apache-jmeter-5.6.2\bin
2023-10-22 21:56:11,210 INFO o.a.j.JMeter: IP: 192.168.1.13 Name: master FullName: master
2023-10-22 21:56:11,222 INFO o.a.j.JMeter: Loaded icon properties from org/apache/jmeter/images/icon.properties
2023-10-22 21:56:11,363 INFO o.a.j.JMeterGuiLauncher: Setting LAF to: com.github.weisj.darklaf.DarkLaf:com.github.weisj.darklaf.theme.DarculaTheme
2023-10-22 21:56:23,227 INFO o.a.j.s.FileServer: Default base='C:\Users\cRistiaNi\Desktop\NOSQL\apache-jmeter-5.6.2\apache-jmeter-5.6.2\bin'
2023-10-22 21:56:23,229 INFO o.a.j.g.a.Load: Loading file: C:\Users\cRistiaNi\Desktop\NOSQL\jmeterTEST\pruebasJmeter.jmx
2023-10-22 21:56:23,229 INFO o.a.j.s.FileServer: Set new base='C:\Users\cRistiaNi\Desktop\NOSQL\jmeterTEST'
2023-10-22 21:56:23,386 INFO o.a.j.s.SaveService: Testplan (JMX) version: 2.2. Testlog (JTL) version: 2.2
2023-10-22 21:56:23,407 INFO o.a.j.s.SaveService: Using SaveService properties version 5.0
2023-10-22 21:56:23,408 INFO o.a.j.s.SaveService: Using SaveService properties file encoding UTF-8
2023-10-22 21:56:23,409 INFO o.a.j.s.SaveService: Loading file: C:\Users\cRistiaNi\Desktop\NOSQL\jmeterTEST\pruebasJmeter.jmx
2023-10-22 21:56:23,432 INFO o.a.j.p.h.s.HTTPSamplerBase: Parser for text/html is org.apache.jmeter.protocol.http.parser.LagartoBasedHtmlParser
2023-10-22 21:56:23,433 INFO o.a.j.p.h.s.HTTPSamplerBase: Parser for application/xhtml+xml is org.apache.jmeter.protocol.http.parser.LagartoBasedHtmlParser
2023-10-22 21:56:23,433 INFO o.a.j.p.h.s.HTTPSamplerBase: Parser for application/xml is org.apache.jmeter.protocol.http.parser.LagartoBasedHtmlParser
2023-10-22 21:56:23,433 INFO o.a.j.p.h.s.HTTPSamplerBase: Parser for text/xml is org.apache.jmeter.protocol.http.parser.LagartoBasedHtmlParser
2023-10-22 21:56:23,433 INFO o.a.j.p.h.s.HTTPSamplerBase: Parser for text/vnd.wap.wml is org.apache.jmeter.protocol.http.parser.RegexpHTMLParser
2023-10-22 21:56:23,433 INFO o.a.j.p.h.s.HTTPSamplerBase: Parser for text/css is org.apache.jmeter.protocol.http.parser.CssParser
2023-10-22 21:56:23,645 INFO o.a.j.s.SampleResult: Note: Sample TimeStamps are START times
2023-10-22 21:56:23,645 INFO o.a.j.s.SampleResult: sampleresult.default.encoding is set to UTF-8
2023-10-22 21:56:23,645 INFO o.a.j.s.SampleResult: sampleresult.useNanoTime=true
2023-10-22 21:56:23,645 INFO o.a.j.s.SampleResult: sampleresult.nanoThreadSleep=5000
2023-10-22 21:56:24,183 INFO o.a.j.s.FileServer: Set new base='C:\Users\cRistiaNi\Desktop\NOSQL\jmeterTEST'
